#
# There is insufficient memory for the Java Runtime Environment to continue.
# Native memory allocation (malloc) failed to allocate 1101072 bytes for Chunk::new
# Possible reasons:
#   The system is out of physical RAM or swap space
#   The process is running with CompressedOops enabled, and the Java Heap may be blocking the growth of the native heap
# Possible solutions:
#   Reduce memory load on the system
#   Increase physical memory or swap space
#   Check if swap backing store is full
#   Decrease Java heap size (-Xmx/-Xms)
#   Decrease number of Java threads
#   Decrease Java thread stack sizes (-Xss)
#   Set larger code cache with -XX:ReservedCodeCacheSize=
#   JVM is running with Unscaled Compressed Oops mode in which the Java heap is
#     placed in the first 4GB address space. The Java Heap base address is the
#     maximum limit for the native heap growth. Please use -XX:HeapBaseMinAddress
#     to set the Java Heap base and to place the Java Heap above 4GB virtual address.
# This output file may be truncated or incomplete.
#
#  Out of Memory Error (arena.cpp:189), pid=9124, tid=3916
#
# JRE version: Java(TM) SE Runtime Environment (17.0.7+8) (build 17.0.7+8-LTS-224)
# Java VM: Java HotSpot(TM) 64-Bit Server VM (17.0.7+8-LTS-224, mixed mode, sharing, tiered, compressed oops, compressed class ptrs, g1 gc, windows-amd64)
# No core dump will be written. Minidumps are not enabled by default on client versions of Windows
#

---------------  S U M M A R Y ------------

Command Line: -agentlib:jdwp=transport=dt_socket,address=127.0.0.1:52572,suspend=y,server=n -Dfile.encoding=UTF-8 com.keiko.paymentservice.PaymentServiceApplication

Host: Intel(R) Core(TM) i5-8250U CPU @ 1.60GHz, 8 cores, 7G,  Windows 10 , 64 bit Build 19041 (10.0.19041.3636)
Time: Fri Mar 22 18:20:32 2024 RTZ 2 (s 10 , 64 bit Build 19041 (10.0.19041.3636) elapsed time: 103380.836503 seconds (1d 4h 43m 0s)

---------------  T H R E A D  ---------------

Current thread (0x000001791e3e7ba0):  JavaThread "C2 CompilerThread0" daemon [_thread_in_native, id=3916, stack(0x0000000c8af00000,0x0000000c8b000000)]


Current CompileTask:
C2:103380836 9133       4       com.fasterxml.jackson.databind.introspect.AnnotatedCreatorCollector::_findPotentialFactories (394 bytes)

Stack: [0x0000000c8af00000,0x0000000c8b000000]
Native frames: (J=compiled Java code, j=interpreted, Vv=VM code, C=native code)
V  [jvm.dll+0x676a4a]
V  [jvm.dll+0x7d74f4]
V  [jvm.dll+0x7d8c9e]
V  [jvm.dll+0x7d9303]
V  [jvm.dll+0x2452c5]
V  [jvm.dll+0xaaa2b]
V  [jvm.dll+0xaafcc]
V  [jvm.dll+0x36141e]
V  [jvm.dll+0x32bba1]
V  [jvm.dll+0x32b03a]
V  [jvm.dll+0x217acf]
V  [jvm.dll+0x216f01]
V  [jvm.dll+0x1a35e0]
V  [jvm.dll+0x226a6e]
V  [jvm.dll+0x224e15]
V  [jvm.dll+0x78d05c]
V  [jvm.dll+0x78759a]
V  [jvm.dll+0x675875]
C  [ucrtbase.dll+0x21bb2]
C  [KERNEL32.DLL+0x17344]
C  [ntdll.dll+0x526b1]


---------------  P R O C E S S  ---------------

Threads class SMR info:
_java_thread_list=0x0000017924112510, length=38, elements={
0x000001791e3cc320, 0x000001791e3cd190, 0x000001791e3e2fa0, 0x000001791e3e3b50,
0x000001791e3e6510, 0x000001791e3e6ec0, 0x000001791e3e7ba0, 0x000001791e3eca50,
0x000001791e423c20, 0x000001791f0f6720, 0x000001791f108440, 0x000001791f111950,
0x000001791f116430, 0x000001791f121a70, 0x000001792090b0d0, 0x0000017922938850,
0x000001792267e130, 0x00000179237dd400, 0x000001791fa37e90, 0x000001791fa38360,
0x000001791fa38d00, 0x000001791fa39b70, 0x000001791fa3a040, 0x000001791fa391d0,
0x000001791fa3b380, 0x000001791fa3a510, 0x000001791fa3a9e0, 0x000001791fa3aeb0,
0x0000017923f40540, 0x0000017923f3cb80, 0x0000017923f40070, 0x0000017923f3d9f0,
0x0000017923f3f6d0, 0x0000017923f3d050, 0x0000017923f3e860, 0x0000017923f3d520,
0x0000017923f3ed30, 0x0000017923f3f200
}

Java Threads: ( => current thread )
  0x000001791e3cc320 JavaThread "Reference Handler" daemon [_thread_blocked, id=7808, stack(0x0000000c8a900000,0x0000000c8aa00000)]
  0x000001791e3cd190 JavaThread "Finalizer" daemon [_thread_blocked, id=21104, stack(0x0000000c8aa00000,0x0000000c8ab00000)]
  0x000001791e3e2fa0 JavaThread "Signal Dispatcher" daemon [_thread_blocked, id=24968, stack(0x0000000c8ab00000,0x0000000c8ac00000)]
  0x000001791e3e3b50 JavaThread "Attach Listener" daemon [_thread_blocked, id=880, stack(0x0000000c8ac00000,0x0000000c8ad00000)]
  0x000001791e3e6510 JavaThread "Service Thread" daemon [_thread_blocked, id=20240, stack(0x0000000c8ad00000,0x0000000c8ae00000)]
  0x000001791e3e6ec0 JavaThread "Monitor Deflation Thread" daemon [_thread_blocked, id=24996, stack(0x0000000c8ae00000,0x0000000c8af00000)]
=>0x000001791e3e7ba0 JavaThread "C2 CompilerThread0" daemon [_thread_in_native, id=3916, stack(0x0000000c8af00000,0x0000000c8b000000)]
  0x000001791e3eca50 JavaThread "C1 CompilerThread0" daemon [_thread_blocked, id=25408, stack(0x0000000c8b000000,0x0000000c8b100000)]
  0x000001791e423c20 JavaThread "Sweeper thread" daemon [_thread_blocked, id=24248, stack(0x0000000c8b100000,0x0000000c8b200000)]
  0x000001791f0f6720 JavaThread "JDWP Transport Listener: dt_socket" daemon [_thread_blocked, id=6396, stack(0x0000000c8b200000,0x0000000c8b300000)]
  0x000001791f108440 JavaThread "JDWP Event Helper Thread" daemon [_thread_blocked, id=2668, stack(0x0000000c8b300000,0x0000000c8b400000)]
  0x000001791f111950 JavaThread "JDWP Command Reader" daemon [_thread_in_native, id=25316, stack(0x0000000c8b400000,0x0000000c8b500000)]
  0x000001791f116430 JavaThread "Notification Thread" daemon [_thread_blocked, id=22104, stack(0x0000000c8b500000,0x0000000c8b600000)]
  0x000001791f121a70 JavaThread "Common-Cleaner" daemon [_thread_blocked, id=19692, stack(0x0000000c8b700000,0x0000000c8b800000)]
  0x000001792090b0d0 JavaThread "Catalina-utility-1" [_thread_blocked, id=19480, stack(0x0000000c8c100000,0x0000000c8c200000)]
  0x0000017922938850 JavaThread "Catalina-utility-2" [_thread_blocked, id=20908, stack(0x0000000c8c200000,0x0000000c8c300000)]
  0x000001792267e130 JavaThread "container-0" [_thread_blocked, id=9976, stack(0x0000000c8c300000,0x0000000c8c400000)]
  0x00000179237dd400 JavaThread "spring.cloud.inetutils" daemon [_thread_blocked, id=18708, stack(0x0000000c8c400000,0x0000000c8c500000)]
  0x000001791fa37e90 JavaThread "AsyncResolver-bootstrap-0" daemon [_thread_blocked, id=24244, stack(0x0000000c8c500000,0x0000000c8c600000)]
  0x000001791fa38360 JavaThread "DiscoveryClient-0" daemon [_thread_blocked, id=14508, stack(0x0000000c8c800000,0x0000000c8c900000)]
  0x000001791fa38d00 JavaThread "DiscoveryClient-1" daemon [_thread_blocked, id=11252, stack(0x0000000c8c900000,0x0000000c8ca00000)]
  0x000001791fa39b70 JavaThread "DiscoveryClient-InstanceInfoReplicator-0" daemon [_thread_blocked, id=24344, stack(0x0000000c8ca00000,0x0000000c8cb00000)]
  0x000001791fa3a040 JavaThread "http-nio-8088-exec-1" daemon [_thread_blocked, id=16208, stack(0x0000000c8cb00000,0x0000000c8cc00000)]
  0x000001791fa391d0 JavaThread "http-nio-8088-exec-2" daemon [_thread_blocked, id=10352, stack(0x0000000c8cc00000,0x0000000c8cd00000)]
  0x000001791fa3b380 JavaThread "http-nio-8088-exec-3" daemon [_thread_blocked, id=4560, stack(0x0000000c8cd00000,0x0000000c8ce00000)]
  0x000001791fa3a510 JavaThread "http-nio-8088-exec-4" daemon [_thread_blocked, id=15096, stack(0x0000000c8ce00000,0x0000000c8cf00000)]
  0x000001791fa3a9e0 JavaThread "http-nio-8088-exec-5" daemon [_thread_blocked, id=19220, stack(0x0000000c8cf00000,0x0000000c8d000000)]
  0x000001791fa3aeb0 JavaThread "http-nio-8088-exec-6" daemon [_thread_blocked, id=17004, stack(0x0000000c8d000000,0x0000000c8d100000)]
  0x0000017923f40540 JavaThread "http-nio-8088-exec-7" daemon [_thread_blocked, id=24536, stack(0x0000000c8d100000,0x0000000c8d200000)]
  0x0000017923f3cb80 JavaThread "http-nio-8088-exec-8" daemon [_thread_blocked, id=5288, stack(0x0000000c8d200000,0x0000000c8d300000)]
  0x0000017923f40070 JavaThread "http-nio-8088-exec-9" daemon [_thread_blocked, id=4564, stack(0x0000000c8d300000,0x0000000c8d400000)]
  0x0000017923f3d9f0 JavaThread "http-nio-8088-exec-10" daemon [_thread_blocked, id=17072, stack(0x0000000c8d400000,0x0000000c8d500000)]
  0x0000017923f3f6d0 JavaThread "http-nio-8088-Poller" daemon [_thread_in_native, id=12428, stack(0x0000000c8d500000,0x0000000c8d600000)]
  0x0000017923f3d050 JavaThread "http-nio-8088-Acceptor" daemon [_thread_in_native, id=2236, stack(0x0000000c8d600000,0x0000000c8d700000)]
  0x0000017923f3e860 JavaThread "DestroyJavaVM" [_thread_blocked, id=8448, stack(0x0000000c8a200000,0x0000000c8a300000)]
  0x0000017923f3d520 JavaThread "DiscoveryClient-CacheRefreshExecutor-0" daemon [_thread_blocked, id=23364, stack(0x0000000c8d700000,0x0000000c8d800000)]
  0x0000017923f3ed30 JavaThread "DiscoveryClient-HeartbeatExecutor-0" daemon [_thread_blocked, id=23268, stack(0x0000000c8d800000,0x0000000c8d900000)]
  0x0000017923f3f200 JavaThread "AsyncResolver-bootstrap-executor-0" daemon [_thread_blocked, id=12644, stack(0x0000000c89f00000,0x0000000c8a000000)]

Other Threads:
  0x000001791e3c72d0 VMThread "VM Thread" [stack: 0x0000000c8a800000,0x0000000c8a900000] [id=4504]
  0x000001791f116af0 WatcherThread [stack: 0x0000000c8b600000,0x0000000c8b700000] [id=24764]
  0x000001797fbd4420 GCTaskThread "GC Thread#0" [stack: 0x0000000c8a300000,0x0000000c8a400000] [id=8308]
  0x000001791fdc9520 GCTaskThread "GC Thread#1" [stack: 0x0000000c8b900000,0x0000000c8ba00000] [id=24520]
  0x000001791fdc97d0 GCTaskThread "GC Thread#2" [stack: 0x0000000c8ba00000,0x0000000c8bb00000] [id=6112]
  0x000001791fe6e420 GCTaskThread "GC Thread#3" [stack: 0x0000000c8bb00000,0x0000000c8bc00000] [id=24976]
  0x000001791fe7a140 GCTaskThread "GC Thread#4" [stack: 0x0000000c8bc00000,0x0000000c8bd00000] [id=2852]
  0x000001791fd336f0 GCTaskThread "GC Thread#5" [stack: 0x0000000c8bd00000,0x0000000c8be00000] [id=1896]
  0x000001791ff6e040 GCTaskThread "GC Thread#6" [stack: 0x0000000c8be00000,0x0000000c8bf00000] [id=23780]
  0x0000017920181950 GCTaskThread "GC Thread#7" [stack: 0x0000000c8bf00000,0x0000000c8c000000] [id=24824]
  0x000001797fbe4ee0 ConcurrentGCThread "G1 Main Marker" [stack: 0x0000000c8a400000,0x0000000c8a500000] [id=13064]
  0x000001797fbe58f0 ConcurrentGCThread "G1 Conc#0" [stack: 0x0000000c8a500000,0x0000000c8a600000] [id=21668]
  0x00000179225d3040 ConcurrentGCThread "G1 Conc#1" [stack: 0x0000000c8c000000,0x0000000c8c100000] [id=12448]
  0x000001791e2820c0 ConcurrentGCThread "G1 Refine#0" [stack: 0x0000000c8a600000,0x0000000c8a700000] [id=4640]
  0x000001791e282ae0 ConcurrentGCThread "G1 Service" [stack: 0x0000000c8a700000,0x0000000c8a800000] [id=22900]

Threads with active compile tasks:
C2 CompilerThread0  103380895 9133       4       com.fasterxml.jackson.databind.introspect.AnnotatedCreatorCollector::_findPotentialFactories (394 bytes)

VM state: not at safepoint (normal execution)

VM Mutex/Monitor currently owned by a thread: None

Heap address: 0x0000000082400000, size: 2012 MB, Compressed Oops mode: 32-bit

CDS archive(s) mapped at: [0x0000000800000000-0x0000000800bd0000-0x0000000800bd0000), size 12386304, SharedBaseAddress: 0x0000000800000000, ArchiveRelocationMode: 0.
Compressed class space mapped at: 0x0000000800c00000-0x0000000840c00000, reserved size: 1073741824
Narrow klass base: 0x0000000800000000, Narrow klass shift: 0, Narrow klass range: 0x100000000

GC Precious Log:
 CPUs: 8 total, 8 available
 Memory: 8042M
 Large Page Support: Disabled
 NUMA Support: Disabled
 Compressed Oops: Enabled (32-bit)
 Heap Region Size: 1M
 Heap Min Capacity: 8M
 Heap Initial Capacity: 126M
 Heap Max Capacity: 2012M
 Pre-touch: Disabled
 Parallel Workers: 8
 Concurrent Workers: 2
 Concurrent Refinement Workers: 8
 Periodic GC: Disabled

Heap:
 garbage-first heap   total 96256K, used 52972K [0x0000000082400000, 0x0000000100000000)
  region size 1024K, 27 young (27648K), 1 survivors (1024K)
 Metaspace       used 51563K, committed 52032K, reserved 1097728K
  class space    used 6383K, committed 6656K, reserved 1048576K

Heap Regions: E=young(eden), S=young(survivor), O=old, HS=humongous(starts), HC=humongous(continues), CS=collection set, F=free, OA=open archive, CA=closed archive, TAMS=top-at-mark-start (previous, next)
|   0|0x0000000082400000, 0x0000000082500000, 0x0000000082500000|100%|HS|  |TAMS 0x0000000082500000, 0x0000000082400000| Complete 
|   1|0x0000000082500000, 0x0000000082600000, 0x0000000082600000|100%| O|  |TAMS 0x0000000082600000, 0x0000000082500000| Untracked 
|   2|0x0000000082600000, 0x0000000082700000, 0x0000000082700000|100%|HS|  |TAMS 0x0000000082700000, 0x0000000082600000| Complete 
|   3|0x0000000082700000, 0x0000000082800000, 0x0000000082800000|100%| O|  |TAMS 0x0000000082800000, 0x0000000082700000| Untracked 
|   4|0x0000000082800000, 0x0000000082900000, 0x0000000082900000|100%| O|  |TAMS 0x0000000082900000, 0x0000000082800000| Untracked 
|   5|0x0000000082900000, 0x0000000082a00000, 0x0000000082a00000|100%| O|  |TAMS 0x0000000082a00000, 0x0000000082900000| Untracked 
|   6|0x0000000082a00000, 0x0000000082b00000, 0x0000000082b00000|100%| O|  |TAMS 0x0000000082b00000, 0x0000000082a00000| Untracked 
|   7|0x0000000082b00000, 0x0000000082c00000, 0x0000000082c00000|100%| O|  |TAMS 0x0000000082c00000, 0x0000000082b00000| Untracked 
|   8|0x0000000082c00000, 0x0000000082d00000, 0x0000000082d00000|100%| O|  |TAMS 0x0000000082d00000, 0x0000000082c00000| Untracked 
|   9|0x0000000082d00000, 0x0000000082e00000, 0x0000000082e00000|100%| O|  |TAMS 0x0000000082e00000, 0x0000000082d00000| Untracked 
|  10|0x0000000082e00000, 0x0000000082f00000, 0x0000000082f00000|100%| O|  |TAMS 0x0000000082f00000, 0x0000000082e00000| Untracked 
|  11|0x0000000082f00000, 0x0000000083000000, 0x0000000083000000|100%| O|  |TAMS 0x0000000083000000, 0x0000000082f00000| Untracked 
|  12|0x0000000083000000, 0x0000000083100000, 0x0000000083100000|100%| O|  |TAMS 0x0000000083100000, 0x0000000083000000| Untracked 
|  13|0x0000000083100000, 0x0000000083200000, 0x0000000083200000|100%| O|  |TAMS 0x0000000083200000, 0x0000000083100000| Untracked 
|  14|0x0000000083200000, 0x0000000083200000, 0x0000000083300000|  0%| F|  |TAMS 0x0000000083200000, 0x0000000083200000| Untracked 
|  15|0x0000000083300000, 0x0000000083300000, 0x0000000083400000|  0%| F|  |TAMS 0x0000000083300000, 0x0000000083300000| Untracked 
|  16|0x0000000083400000, 0x0000000083500000, 0x0000000083500000|100%| O|  |TAMS 0x0000000083500000, 0x0000000083400000| Untracked 
|  17|0x0000000083500000, 0x0000000083600000, 0x0000000083600000|100%| O|  |TAMS 0x0000000083600000, 0x0000000083500000| Untracked 
|  18|0x0000000083600000, 0x0000000083700000, 0x0000000083700000|100%| O|  |TAMS 0x0000000083700000, 0x0000000083600000| Untracked 
|  19|0x0000000083700000, 0x0000000083800000, 0x0000000083800000|100%| O|  |TAMS 0x0000000083800000, 0x0000000083700000| Untracked 
|  20|0x0000000083800000, 0x0000000083800000, 0x0000000083900000|  0%| F|  |TAMS 0x0000000083800000, 0x0000000083800000| Untracked 
|  21|0x0000000083900000, 0x0000000083a00000, 0x0000000083a00000|100%| O|  |TAMS 0x0000000083a00000, 0x0000000083900000| Untracked 
|  22|0x0000000083a00000, 0x0000000083b00000, 0x0000000083b00000|100%| O|  |TAMS 0x0000000083b00000, 0x0000000083a00000| Untracked 
|  23|0x0000000083b00000, 0x0000000083b00000, 0x0000000083c00000|  0%| F|  |TAMS 0x0000000083b00000, 0x0000000083b00000| Untracked 
|  24|0x0000000083c00000, 0x0000000083d00000, 0x0000000083d00000|100%| O|  |TAMS 0x0000000083d00000, 0x0000000083c00000| Untracked 
|  25|0x0000000083d00000, 0x0000000083e00000, 0x0000000083e00000|100%| O|  |TAMS 0x0000000083e00000, 0x0000000083d00000| Complete 
|  26|0x0000000083e00000, 0x0000000083f00000, 0x0000000083f00000|100%| O|  |TAMS 0x0000000083f00000, 0x0000000083e00000| Untracked 
|  27|0x0000000083f00000, 0x0000000084000000, 0x0000000084000000|100%| O|  |TAMS 0x0000000084000000, 0x0000000083f00000| Untracked 
|  28|0x0000000084000000, 0x0000000084100000, 0x0000000084100000|100%| O|  |TAMS 0x0000000084100000, 0x0000000084000000| Untracked 
|  29|0x0000000084100000, 0x00000000841c7400, 0x0000000084200000| 77%| O|  |TAMS 0x00000000841c7400, 0x0000000084100000| Untracked 
|  30|0x0000000084200000, 0x0000000084200000, 0x0000000084300000|  0%| F|  |TAMS 0x0000000084200000, 0x0000000084200000| Untracked 
|  31|0x0000000084300000, 0x0000000084300000, 0x0000000084400000|  0%| F|  |TAMS 0x0000000084300000, 0x0000000084300000| Untracked 
|  32|0x0000000084400000, 0x0000000084400000, 0x0000000084500000|  0%| F|  |TAMS 0x0000000084400000, 0x0000000084400000| Untracked 
|  33|0x0000000084500000, 0x0000000084500000, 0x0000000084600000|  0%| F|  |TAMS 0x0000000084500000, 0x0000000084500000| Untracked 
|  34|0x0000000084600000, 0x0000000084600000, 0x0000000084700000|  0%| F|  |TAMS 0x0000000084600000, 0x0000000084600000| Untracked 
|  35|0x0000000084700000, 0x0000000084700000, 0x0000000084800000|  0%| F|  |TAMS 0x0000000084700000, 0x0000000084700000| Untracked 
|  36|0x0000000084800000, 0x0000000084800000, 0x0000000084900000|  0%| F|  |TAMS 0x0000000084800000, 0x0000000084800000| Untracked 
|  37|0x0000000084900000, 0x0000000084900000, 0x0000000084a00000|  0%| F|  |TAMS 0x0000000084900000, 0x0000000084900000| Untracked 
|  38|0x0000000084a00000, 0x0000000084a00000, 0x0000000084b00000|  0%| F|  |TAMS 0x0000000084a00000, 0x0000000084a00000| Untracked 
|  39|0x0000000084b00000, 0x0000000084b00000, 0x0000000084c00000|  0%| F|  |TAMS 0x0000000084b00000, 0x0000000084b00000| Untracked 
|  40|0x0000000084c00000, 0x0000000084c00000, 0x0000000084d00000|  0%| F|  |TAMS 0x0000000084c00000, 0x0000000084c00000| Untracked 
|  41|0x0000000084d00000, 0x0000000084d00000, 0x0000000084e00000|  0%| F|  |TAMS 0x0000000084d00000, 0x0000000084d00000| Untracked 
|  42|0x0000000084e00000, 0x0000000084ef3ce8, 0x0000000084f00000| 95%| S|CS|TAMS 0x0000000084e00000, 0x0000000084e00000| Complete 
|  43|0x0000000084f00000, 0x0000000084f00000, 0x0000000085000000|  0%| F|  |TAMS 0x0000000084f00000, 0x0000000084f00000| Untracked 
|  44|0x0000000085000000, 0x0000000085000000, 0x0000000085100000|  0%| F|  |TAMS 0x0000000085000000, 0x0000000085000000| Untracked 
|  45|0x0000000085100000, 0x0000000085100000, 0x0000000085200000|  0%| F|  |TAMS 0x0000000085100000, 0x0000000085100000| Untracked 
|  46|0x0000000085200000, 0x0000000085200000, 0x0000000085300000|  0%| F|  |TAMS 0x0000000085200000, 0x0000000085200000| Untracked 
|  47|0x0000000085300000, 0x0000000085300000, 0x0000000085400000|  0%| F|  |TAMS 0x0000000085300000, 0x0000000085300000| Untracked 
|  48|0x0000000085400000, 0x0000000085400000, 0x0000000085500000|  0%| F|  |TAMS 0x0000000085400000, 0x0000000085400000| Untracked 
|  49|0x0000000085500000, 0x0000000085500000, 0x0000000085600000|  0%| F|  |TAMS 0x0000000085500000, 0x0000000085500000| Untracked 
|  50|0x0000000085600000, 0x0000000085600000, 0x0000000085700000|  0%| F|  |TAMS 0x0000000085600000, 0x0000000085600000| Untracked 
|  51|0x0000000085700000, 0x0000000085700000, 0x0000000085800000|  0%| F|  |TAMS 0x0000000085700000, 0x0000000085700000| Untracked 
|  52|0x0000000085800000, 0x0000000085800000, 0x0000000085900000|  0%| F|  |TAMS 0x0000000085800000, 0x0000000085800000| Untracked 
|  53|0x0000000085900000, 0x0000000085900000, 0x0000000085a00000|  0%| F|  |TAMS 0x0000000085900000, 0x0000000085900000| Untracked 
|  54|0x0000000085a00000, 0x0000000085a00000, 0x0000000085b00000|  0%| F|  |TAMS 0x0000000085a00000, 0x0000000085a00000| Untracked 
|  55|0x0000000085b00000, 0x0000000085b00000, 0x0000000085c00000|  0%| F|  |TAMS 0x0000000085b00000, 0x0000000085b00000| Untracked 
|  56|0x0000000085c00000, 0x0000000085c00000, 0x0000000085d00000|  0%| F|  |TAMS 0x0000000085c00000, 0x0000000085c00000| Untracked 
|  57|0x0000000085d00000, 0x0000000085d00000, 0x0000000085e00000|  0%| F|  |TAMS 0x0000000085d00000, 0x0000000085d00000| Untracked 
|  58|0x0000000085e00000, 0x0000000085e00000, 0x0000000085f00000|  0%| F|  |TAMS 0x0000000085e00000, 0x0000000085e00000| Untracked 
|  59|0x0000000085f00000, 0x0000000085f00000, 0x0000000086000000|  0%| F|  |TAMS 0x0000000085f00000, 0x0000000085f00000| Untracked 
|  60|0x0000000086000000, 0x0000000086000000, 0x0000000086100000|  0%| F|  |TAMS 0x0000000086000000, 0x0000000086000000| Untracked 
|  61|0x0000000086100000, 0x0000000086100000, 0x0000000086200000|  0%| F|  |TAMS 0x0000000086100000, 0x0000000086100000| Untracked 
|  62|0x0000000086200000, 0x0000000086200000, 0x0000000086300000|  0%| F|  |TAMS 0x0000000086200000, 0x0000000086200000| Untracked 
|  63|0x0000000086300000, 0x0000000086300000, 0x0000000086400000|  0%| F|  |TAMS 0x0000000086300000, 0x0000000086300000| Untracked 
|  64|0x0000000086400000, 0x0000000086400000, 0x0000000086500000|  0%| F|  |TAMS 0x0000000086400000, 0x0000000086400000| Untracked 
|  65|0x0000000086500000, 0x0000000086500000, 0x0000000086600000|  0%| F|  |TAMS 0x0000000086500000, 0x0000000086500000| Untracked 
|  66|0x0000000086600000, 0x0000000086600000, 0x0000000086700000|  0%| F|  |TAMS 0x0000000086600000, 0x0000000086600000| Untracked 
|  67|0x0000000086700000, 0x0000000086700000, 0x0000000086800000|  0%| F|  |TAMS 0x0000000086700000, 0x0000000086700000| Untracked 
|  68|0x0000000086800000, 0x00000000868b40e0, 0x0000000086900000| 70%| E|  |TAMS 0x0000000086800000, 0x0000000086800000| Complete 
|  69|0x0000000086900000, 0x0000000086a00000, 0x0000000086a00000|100%| E|CS|TAMS 0x0000000086900000, 0x0000000086900000| Complete 
|  70|0x0000000086a00000, 0x0000000086b00000, 0x0000000086b00000|100%| E|CS|TAMS 0x0000000086a00000, 0x0000000086a00000| Complete 
|  71|0x0000000086b00000, 0x0000000086c00000, 0x0000000086c00000|100%| E|CS|TAMS 0x0000000086b00000, 0x0000000086b00000| Complete 
|  72|0x0000000086c00000, 0x0000000086d00000, 0x0000000086d00000|100%| E|CS|TAMS 0x0000000086c00000, 0x0000000086c00000| Complete 
|  73|0x0000000086d00000, 0x0000000086e00000, 0x0000000086e00000|100%| E|CS|TAMS 0x0000000086d00000, 0x0000000086d00000| Complete 
|  74|0x0000000086e00000, 0x0000000086f00000, 0x0000000086f00000|100%| E|CS|TAMS 0x0000000086e00000, 0x0000000086e00000| Complete 
|  75|0x0000000086f00000, 0x0000000087000000, 0x0000000087000000|100%| E|CS|TAMS 0x0000000086f00000, 0x0000000086f00000| Complete 
|  76|0x0000000087000000, 0x0000000087100000, 0x0000000087100000|100%| E|CS|TAMS 0x0000000087000000, 0x0000000087000000| Complete 
|  77|0x0000000087100000, 0x0000000087200000, 0x0000000087200000|100%| E|CS|TAMS 0x0000000087100000, 0x0000000087100000| Complete 
|  78|0x0000000087200000, 0x0000000087300000, 0x0000000087300000|100%| E|CS|TAMS 0x0000000087200000, 0x0000000087200000| Complete 
|  79|0x0000000087300000, 0x0000000087400000, 0x0000000087400000|100%| E|CS|TAMS 0x0000000087300000, 0x0000000087300000| Complete 
|  80|0x0000000087400000, 0x0000000087500000, 0x0000000087500000|100%| E|CS|TAMS 0x0000000087400000, 0x0000000087400000| Complete 
|  81|0x0000000087500000, 0x0000000087600000, 0x0000000087600000|100%| E|CS|TAMS 0x0000000087500000, 0x0000000087500000| Complete 
|  82|0x0000000087600000, 0x0000000087700000, 0x0000000087700000|100%| E|CS|TAMS 0x0000000087600000, 0x0000000087600000| Complete 
|  83|0x0000000087700000, 0x0000000087800000, 0x0000000087800000|100%| E|CS|TAMS 0x0000000087700000, 0x0000000087700000| Complete 
|  84|0x0000000087800000, 0x0000000087900000, 0x0000000087900000|100%| E|CS|TAMS 0x0000000087800000, 0x0000000087800000| Complete 
|  85|0x0000000087900000, 0x0000000087a00000, 0x0000000087a00000|100%| E|CS|TAMS 0x0000000087900000, 0x0000000087900000| Complete 
|  86|0x0000000087a00000, 0x0000000087b00000, 0x0000000087b00000|100%| E|CS|TAMS 0x0000000087a00000, 0x0000000087a00000| Complete 
|  87|0x0000000087b00000, 0x0000000087c00000, 0x0000000087c00000|100%| E|CS|TAMS 0x0000000087b00000, 0x0000000087b00000| Complete 
|  88|0x0000000087c00000, 0x0000000087d00000, 0x0000000087d00000|100%| E|CS|TAMS 0x0000000087c00000, 0x0000000087c00000| Complete 
|  89|0x0000000087d00000, 0x0000000087e00000, 0x0000000087e00000|100%| E|CS|TAMS 0x0000000087d00000, 0x0000000087d00000| Complete 
|  90|0x0000000087e00000, 0x0000000087f00000, 0x0000000087f00000|100%| E|CS|TAMS 0x0000000087e00000, 0x0000000087e00000| Complete 
|  91|0x0000000087f00000, 0x0000000088000000, 0x0000000088000000|100%| E|CS|TAMS 0x0000000087f00000, 0x0000000087f00000| Complete 
|  92|0x0000000088000000, 0x0000000088100000, 0x0000000088100000|100%| E|CS|TAMS 0x0000000088000000, 0x0000000088000000| Complete 
| 125|0x000000008a100000, 0x000000008a200000, 0x000000008a200000|100%| E|CS|TAMS 0x000000008a100000, 0x000000008a100000| Complete 

Card table byte_map: [0x0000017917310000,0x0000017917700000] _byte_map_base: 0x0000017916efe000

Marking Bits (Prev, Next): (CMBitMap*) 0x000001797fbd4a30, (CMBitMap*) 0x000001797fbd4a70
 Prev Bits: [0x0000017917af0000, 0x0000017919a60000)
 Next Bits: [0x0000017919a60000, 0x000001791b9d0000)

Polling page: 0x000001797e360000

Metaspace:

Usage:
  Non-class:     44.12 MB used.
      Class:      6.23 MB used.
       Both:     50.36 MB used.

Virtual space:
  Non-class space:       48.00 MB reserved,      44.31 MB ( 92%) committed,  6 nodes.
      Class space:        1.00 GB reserved,       6.50 MB ( <1%) committed,  1 nodes.
             Both:        1.05 GB reserved,      50.81 MB (  5%) committed. 

Chunk freelists:
   Non-Class:  3.11 MB
       Class:  1.55 MB
        Both:  4.66 MB

MaxMetaspaceSize: unlimited
CompressedClassSpaceSize: 1.00 GB
Initial GC threshold: 21.00 MB
Current GC threshold: 84.69 MB
CDS: on
MetaspaceReclaimPolicy: balanced
 - commit_granule_bytes: 65536.
 - commit_granule_words: 8192.
 - virtual_space_node_default_size: 1048576.
 - enlarge_chunks_in_place: 1.
 - new_chunks_are_fully_committed: 0.
 - uncommit_free_chunks: 1.
 - use_allocation_guard: 0.
 - handle_deallocations: 1.


Internal statistics:

num_allocs_failed_limit: 6.
num_arena_births: 726.
num_arena_deaths: 274.
num_vsnodes_births: 7.
num_vsnodes_deaths: 0.
num_space_committed: 813.
num_space_uncommitted: 0.
num_chunks_returned_to_freelist: 321.
num_chunks_taken_from_freelist: 2592.
num_chunk_merges: 105.
num_chunk_splits: 1675.
num_chunks_enlarged: 1239.
num_purges: 4.
num_inconsistent_stats: 0.

CodeHeap 'non-profiled nmethods': size=120000Kb used=6047Kb max_used=6047Kb free=113952Kb
 bounds [0x000001790f280000, 0x000001790f870000, 0x00000179167b0000]
CodeHeap 'profiled nmethods': size=120000Kb used=18346Kb max_used=18346Kb free=101653Kb
 bounds [0x00000179077b0000, 0x00000179089a0000, 0x000001790ece0000]
CodeHeap 'non-nmethods': size=5760Kb used=1372Kb max_used=1467Kb free=4387Kb
 bounds [0x000001790ece0000, 0x000001790ef50000, 0x000001790f280000]
 total_blobs=8944 nmethods=8324 adapters=532
 compilation: enabled
              stopped_count=0, restarted_count=0
 full_count=0

Compilation events (20 events):
Event: 103350.889 Thread 0x000001791e3eca50 9127       3       com.fasterxml.jackson.databind.util.ClassUtil::isJacksonStdImpl (20 bytes)
Event: 103350.891 Thread 0x000001791e3eca50 nmethod 9127 0x0000017908998810 code [0x0000017908998a00, 0x0000017908998f58]
Event: 103350.891 Thread 0x000001791e3eca50 9128       3       com.fasterxml.jackson.databind.util.ClassUtil::isJacksonStdImpl (15 bytes)
Event: 103350.892 Thread 0x000001791e3eca50 nmethod 9128 0x0000017908999190 code [0x0000017908999360, 0x0000017908999798]
Event: 103350.898 Thread 0x000001791e3e7ba0 nmethod 9125 0x000001790f866410 code [0x000001790f8665c0, 0x000001790f866aa8]
Event: 103350.898 Thread 0x000001791e3e7ba0 9129       4       com.fasterxml.jackson.databind.introspect.POJOPropertyBuilder::removeNonVisible (218 bytes)
Event: 103350.907 Thread 0x000001791e3e7ba0 nmethod 9129 0x000001790f866e10 code [0x000001790f866fc0, 0x000001790f867668]
Event: 103350.907 Thread 0x000001791e3e7ba0 9126       4       com.fasterxml.jackson.databind.deser.SettableBeanProperty::assignIndex (65 bytes)
Event: 103350.907 Thread 0x000001791e3e7ba0 nmethod 9126 0x000001790f867910 code [0x000001790f867a80, 0x000001790f867b18]
Event: 103350.907 Thread 0x000001791e3e7ba0 9130       4       com.fasterxml.jackson.databind.deser.std.StdValueInstantiator::getFromObjectArguments (5 bytes)
Event: 103350.909 Thread 0x000001791e3e7ba0 nmethod 9130 0x000001790f867c10 code [0x000001790f867d80, 0x000001790f867df8]
Event: 103380.739 Thread 0x000001791e3eca50 9131       3       java.lang.StringBuilder::substring (7 bytes)
Event: 103380.740 Thread 0x000001791e3eca50 nmethod 9131 0x0000017908999910 code [0x0000017908999aa0, 0x0000017908999c08]
Event: 103380.740 Thread 0x000001791e3eca50 9132       3       java.lang.AbstractStringBuilder::substring (40 bytes)
Event: 103380.740 Thread 0x000001791e3eca50 nmethod 9132 0x0000017908999c90 code [0x0000017908999e60, 0x000001790899a188]
Event: 103380.751 Thread 0x000001791e3e7ba0 9133       4       com.fasterxml.jackson.databind.introspect.AnnotatedCreatorCollector::_findPotentialFactories (394 bytes)
Event: 103380.759 Thread 0x000001791e3eca50 9135       3       com.fasterxml.jackson.databind.introspect.JacksonAnnotationIntrospector::_constructStdTypeResolverBuilder (8 bytes)
Event: 103380.760 Thread 0x000001791e3eca50 nmethod 9135 0x000001790899a290 code [0x000001790899a440, 0x000001790899a678]
Event: 103380.760 Thread 0x000001791e3eca50 9136       3       com.fasterxml.jackson.databind.jsontype.impl.StdTypeResolverBuilder::<init> (10 bytes)
Event: 103380.761 Thread 0x000001791e3eca50 nmethod 9136 0x000001790899a790 code [0x000001790899a920, 0x000001790899aa98]

GC Heap History (20 events):
Event: 7.759 GC heap before
{Heap before GC invocations=8 (full 0):
 garbage-first heap   total 58368K, used 24549K [0x0000000082400000, 0x0000000100000000)
  region size 1024K, 6 young (6144K), 3 survivors (3072K)
 Metaspace       used 35501K, committed 35968K, reserved 1081344K
  class space    used 4618K, committed 4864K, reserved 1048576K
}
Event: 7.765 GC heap after
{Heap after GC invocations=9 (full 0):
 garbage-first heap   total 58368K, used 22958K [0x0000000082400000, 0x0000000100000000)
  region size 1024K, 1 young (1024K), 1 survivors (1024K)
 Metaspace       used 35501K, committed 35968K, reserved 1081344K
  class space    used 4618K, committed 4864K, reserved 1048576K
}
Event: 10.129 GC heap before
{Heap before GC invocations=10 (full 0):
 garbage-first heap   total 58368K, used 43438K [0x0000000082400000, 0x0000000100000000)
  region size 1024K, 21 young (21504K), 1 survivors (1024K)
 Metaspace       used 38456K, committed 38912K, reserved 1089536K
  class space    used 5031K, committed 5248K, reserved 1048576K
}
Event: 10.131 GC heap after
{Heap after GC invocations=11 (full 0):
 garbage-first heap   total 58368K, used 24210K [0x0000000082400000, 0x0000000100000000)
  region size 1024K, 2 young (2048K), 2 survivors (2048K)
 Metaspace       used 38456K, committed 38912K, reserved 1089536K
  class space    used 5031K, committed 5248K, reserved 1048576K
}
Event: 10.215 GC heap before
{Heap before GC invocations=11 (full 0):
 garbage-first heap   total 58368K, used 25234K [0x0000000082400000, 0x0000000100000000)
  region size 1024K, 3 young (3072K), 2 survivors (2048K)
 Metaspace       used 38853K, committed 39296K, reserved 1089536K
  class space    used 5085K, committed 5312K, reserved 1048576K
}
Event: 10.218 GC heap after
{Heap after GC invocations=12 (full 0):
 garbage-first heap   total 58368K, used 24269K [0x0000000082400000, 0x0000000100000000)
  region size 1024K, 1 young (1024K), 1 survivors (1024K)
 Metaspace       used 38853K, committed 39296K, reserved 1089536K
  class space    used 5085K, committed 5312K, reserved 1048576K
}
Event: 11.028 GC heap before
{Heap before GC invocations=12 (full 0):
 garbage-first heap   total 58368K, used 43725K [0x0000000082400000, 0x0000000100000000)
  region size 1024K, 20 young (20480K), 1 survivors (1024K)
 Metaspace       used 43285K, committed 43712K, reserved 1089536K
  class space    used 5704K, committed 5888K, reserved 1048576K
}
Event: 11.031 GC heap after
{Heap after GC invocations=13 (full 0):
 garbage-first heap   total 58368K, used 26444K [0x0000000082400000, 0x0000000100000000)
  region size 1024K, 3 young (3072K), 3 survivors (3072K)
 Metaspace       used 43285K, committed 43712K, reserved 1089536K
  class space    used 5704K, committed 5888K, reserved 1048576K
}
Event: 821.729 GC heap before
{Heap before GC invocations=13 (full 0):
 garbage-first heap   total 58368K, used 42828K [0x0000000082400000, 0x0000000100000000)
  region size 1024K, 20 young (20480K), 3 survivors (3072K)
 Metaspace       used 49651K, committed 50112K, reserved 1097728K
  class space    used 6427K, committed 6656K, reserved 1048576K
}
Event: 821.782 GC heap after
{Heap after GC invocations=14 (full 0):
 garbage-first heap   total 58368K, used 28330K [0x0000000082400000, 0x0000000100000000)
  region size 1024K, 2 young (2048K), 2 survivors (2048K)
 Metaspace       used 49651K, committed 50112K, reserved 1097728K
  class space    used 6427K, committed 6656K, reserved 1048576K
}
Event: 6029.462 GC heap before
{Heap before GC invocations=14 (full 0):
 garbage-first heap   total 58368K, used 45738K [0x0000000082400000, 0x0000000100000000)
  region size 1024K, 19 young (19456K), 2 survivors (2048K)
 Metaspace       used 50433K, committed 50944K, reserved 1097728K
  class space    used 6433K, committed 6656K, reserved 1048576K
}
Event: 6029.552 GC heap after
{Heap after GC invocations=15 (full 0):
 garbage-first heap   total 58368K, used 28971K [0x0000000082400000, 0x0000000100000000)
  region size 1024K, 1 young (1024K), 1 survivors (1024K)
 Metaspace       used 50433K, committed 50944K, reserved 1097728K
  class space    used 6433K, committed 6656K, reserved 1048576K
}
Event: 10232.127 GC heap before
{Heap before GC invocations=16 (full 0):
 garbage-first heap   total 58368K, used 46379K [0x0000000082400000, 0x0000000100000000)
  region size 1024K, 18 young (18432K), 1 survivors (1024K)
 Metaspace       used 50795K, committed 51264K, reserved 1097728K
  class space    used 6382K, committed 6656K, reserved 1048576K
}
Event: 10232.149 GC heap after
{Heap after GC invocations=17 (full 0):
 garbage-first heap   total 97280K, used 28858K [0x0000000082400000, 0x0000000100000000)
  region size 1024K, 1 young (1024K), 1 survivors (1024K)
 Metaspace       used 50795K, committed 51264K, reserved 1097728K
  class space    used 6382K, committed 6656K, reserved 1048576K
}
Event: 11162.687 GC heap before
{Heap before GC invocations=17 (full 0):
 garbage-first heap   total 97280K, used 31930K [0x0000000082400000, 0x0000000100000000)
  region size 1024K, 4 young (4096K), 1 survivors (1024K)
 Metaspace       used 50803K, committed 51264K, reserved 1097728K
  class space    used 6382K, committed 6656K, reserved 1048576K
}
Event: 11162.767 GC heap after
{Heap after GC invocations=18 (full 0):
 garbage-first heap   total 97280K, used 27038K [0x0000000082400000, 0x0000000100000000)
  region size 1024K, 1 young (1024K), 1 survivors (1024K)
 Metaspace       used 50803K, committed 51264K, reserved 1097728K
  class space    used 6382K, committed 6656K, reserved 1048576K
}
Event: 32032.124 GC heap before
{Heap before GC invocations=18 (full 0):
 garbage-first heap   total 97280K, used 77214K [0x0000000082400000, 0x0000000100000000)
  region size 1024K, 50 young (51200K), 1 survivors (1024K)
 Metaspace       used 51346K, committed 51840K, reserved 1097728K
  class space    used 6392K, committed 6656K, reserved 1048576K
}
Event: 32032.158 GC heap after
{Heap after GC invocations=19 (full 0):
 garbage-first heap   total 97280K, used 27121K [0x0000000082400000, 0x0000000100000000)
  region size 1024K, 1 young (1024K), 1 survivors (1024K)
 Metaspace       used 51346K, committed 51840K, reserved 1097728K
  class space    used 6392K, committed 6656K, reserved 1048576K
}
Event: 96813.892 GC heap before
{Heap before GC invocations=19 (full 0):
 garbage-first heap   total 97280K, used 79345K [0x0000000082400000, 0x0000000100000000)
  region size 1024K, 52 young (53248K), 1 survivors (1024K)
 Metaspace       used 51556K, committed 52032K, reserved 1097728K
  class space    used 6395K, committed 6656K, reserved 1048576K
}
Event: 96813.920 GC heap after
{Heap after GC invocations=20 (full 0):
 garbage-first heap   total 97280K, used 27372K [0x0000000082400000, 0x0000000100000000)
  region size 1024K, 1 young (1024K), 1 survivors (1024K)
 Metaspace       used 51556K, committed 52032K, reserved 1097728K
  class space    used 6395K, committed 6656K, reserved 1048576K
}

Deoptimization events (20 events):
Event: 103350.720 Thread 0x0000017923f3ed30 DEOPT PACKING pc=0x00000179078ebe1c sp=0x0000000c8d8fc7c0
Event: 103350.720 Thread 0x0000017923f3ed30 DEOPT UNPACKING pc=0x000001790ed32b43 sp=0x0000000c8d8fbce8 mode 1
Event: 103350.720 Thread 0x0000017923f3ed30 DEOPT PACKING pc=0x00000179077e265c sp=0x0000000c8d8fc8c0
Event: 103350.720 Thread 0x0000017923f3ed30 DEOPT UNPACKING pc=0x000001790ed32b43 sp=0x0000000c8d8fbd68 mode 1
Event: 103350.720 Thread 0x0000017923f3ed30 DEOPT PACKING pc=0x00000179077d74ec sp=0x0000000c8d8fc920
Event: 103350.720 Thread 0x0000017923f3ed30 DEOPT UNPACKING pc=0x000001790ed32b43 sp=0x0000000c8d8fbdc8 mode 1
Event: 103350.720 Thread 0x0000017923f3ed30 DEOPT PACKING pc=0x0000017907c6e04c sp=0x0000000c8d8fc980
Event: 103350.720 Thread 0x0000017923f3ed30 DEOPT UNPACKING pc=0x000001790ed32b43 sp=0x0000000c8d8fbe80 mode 1
Event: 103350.720 Thread 0x0000017923f3ed30 DEOPT PACKING pc=0x000001790853a2ec sp=0x0000000c8d8fca40
Event: 103350.720 Thread 0x0000017923f3ed30 DEOPT UNPACKING pc=0x000001790ed32b43 sp=0x0000000c8d8fbf20 mode 1
Event: 103350.720 Thread 0x0000017923f3ed30 DEOPT PACKING pc=0x0000017908539654 sp=0x0000000c8d8fcaf0
Event: 103350.720 Thread 0x0000017923f3ed30 DEOPT UNPACKING pc=0x000001790ed32b43 sp=0x0000000c8d8fbf88 mode 1
Event: 103350.866 Thread 0x0000017923f3d520 DEOPT PACKING pc=0x0000017907c6666c sp=0x0000000c8d7fe4b0
Event: 103350.866 Thread 0x0000017923f3d520 DEOPT UNPACKING pc=0x000001790ed32b43 sp=0x0000000c8d7fd980 mode 1
Event: 103350.867 Thread 0x0000017923f3d520 DEOPT PACKING pc=0x0000017907c6666c sp=0x0000000c8d7fe3f0
Event: 103350.867 Thread 0x0000017923f3d520 DEOPT UNPACKING pc=0x000001790ed32b43 sp=0x0000000c8d7fd8c0 mode 1
Event: 103380.742 Thread 0x0000017923f3ed30 DEOPT PACKING pc=0x0000017907c6666c sp=0x0000000c8d8fe560
Event: 103380.742 Thread 0x0000017923f3ed30 DEOPT UNPACKING pc=0x000001790ed32b43 sp=0x0000000c8d8fda30 mode 1
Event: 103380.746 Thread 0x0000017923f3ed30 DEOPT PACKING pc=0x0000017907c6666c sp=0x0000000c8d8fe4a0
Event: 103380.746 Thread 0x0000017923f3ed30 DEOPT UNPACKING pc=0x000001790ed32b43 sp=0x0000000c8d8fd970 mode 1

Classes unloaded (20 events):
Event: 96814.031 Thread 0x000001791e3c72d0 Unloading class 0x000000080128cc00 'jdk/internal/reflect/GeneratedConstructorAccessor47'
Event: 96814.031 Thread 0x000001791e3c72d0 Unloading class 0x000000080128c800 'jdk/internal/reflect/GeneratedMethodAccessor6'
Event: 96814.031 Thread 0x000001791e3c72d0 Unloading class 0x000000080128c400 'jdk/internal/reflect/GeneratedMethodAccessor5'
Event: 96814.031 Thread 0x000001791e3c72d0 Unloading class 0x000000080128c000 'jdk/internal/reflect/GeneratedConstructorAccessor46'
Event: 96814.032 Thread 0x000001791e3c72d0 Unloading class 0x000000080121a400 'java/lang/invoke/LambdaForm$MH+0x000000080121a400'
Event: 96814.032 Thread 0x000001791e3c72d0 Unloading class 0x000000080121a000 'java/lang/invoke/LambdaForm$MH+0x000000080121a000'
Event: 96814.032 Thread 0x000001791e3c72d0 Unloading class 0x0000000801219c00 'java/lang/invoke/LambdaForm$MH+0x0000000801219c00'
Event: 96814.032 Thread 0x000001791e3c72d0 Unloading class 0x0000000801219800 'java/lang/invoke/LambdaForm$MH+0x0000000801219800'
Event: 96814.032 Thread 0x000001791e3c72d0 Unloading class 0x0000000801219400 'java/lang/invoke/LambdaForm$MH+0x0000000801219400'
Event: 96814.032 Thread 0x000001791e3c72d0 Unloading class 0x0000000801219000 'java/lang/invoke/LambdaForm$MH+0x0000000801219000'
Event: 96814.032 Thread 0x000001791e3c72d0 Unloading class 0x0000000801218c00 'java/lang/invoke/LambdaForm$MH+0x0000000801218c00'
Event: 96814.032 Thread 0x000001791e3c72d0 Unloading class 0x0000000801218800 'java/lang/invoke/LambdaForm$MH+0x0000000801218800'
Event: 96814.032 Thread 0x000001791e3c72d0 Unloading class 0x0000000801218400 'java/lang/invoke/LambdaForm$MH+0x0000000801218400'
Event: 96814.032 Thread 0x000001791e3c72d0 Unloading class 0x0000000801218000 'java/lang/invoke/LambdaForm$MH+0x0000000801218000'
Event: 96814.032 Thread 0x000001791e3c72d0 Unloading class 0x000000080120d000 'jdk/internal/reflect/GeneratedMethodAccessor4'
Event: 96814.032 Thread 0x000001791e3c72d0 Unloading class 0x000000080120cc00 'jdk/internal/reflect/GeneratedConstructorAccessor42'
Event: 96814.032 Thread 0x000001791e3c72d0 Unloading class 0x000000080120c800 'jdk/internal/reflect/GeneratedConstructorAccessor41'
Event: 96814.032 Thread 0x000001791e3c72d0 Unloading class 0x000000080120c400 'jdk/internal/reflect/GeneratedConstructorAccessor40'
Event: 96814.032 Thread 0x000001791e3c72d0 Unloading class 0x000000080120c000 'jdk/internal/reflect/GeneratedConstructorAccessor39'
Event: 96814.032 Thread 0x000001791e3c72d0 Unloading class 0x00000008011b4000 'jdk/internal/reflect/GeneratedConstructorAccessor38'

Classes redefined (0 events):
No events

Internal exceptions (20 events):
Event: 7.253 Thread 0x000001797fb79e30 Exception <a 'java/lang/NoSuchMethodError'{0x0000000084dc3870}: 'java.lang.Object java.lang.invoke.DirectMethodHandle$Holder.newInvokeSpecial(java.lang.Object, java.lang.Object, int)'> (0x0000000084dc3870) 
thrown [s\open\src\hotspot\share\interpreter\linkResolver.cpp, line 759]
Event: 7.502 Thread 0x000001797fb79e30 Exception <a 'java/lang/NoSuchMethodError'{0x0000000084aec400}: 'void java.lang.invoke.DirectMethodHandle$Holder.invokeVirtual(java.lang.Object, java.lang.Object, long)'> (0x0000000084aec400) 
thrown [s\open\src\hotspot\share\interpreter\linkResolver.cpp, line 759]
Event: 7.980 Thread 0x000001797fb79e30 Exception <a 'java/lang/IncompatibleClassChangeError'{0x00000000864b5518}: Found class java.lang.Object, but interface was expected> (0x00000000864b5518) 
thrown [s\open\src\hotspot\share\interpreter\linkResolver.cpp, line 826]
Event: 9.924 Thread 0x000001797fb79e30 Exception <a 'java/lang/NoSuchMethodError'{0x0000000084ac11a8}: 'java.lang.Object java.lang.invoke.DirectMethodHandle$Holder.newInvokeSpecial(java.lang.Object, java.lang.Object, int, java.lang.Object, java.lang.Object)'> (0x0000000084ac11a8) 
thrown [s\open\src\hotspot\share\interpreter\linkResolver.cpp, line 759]
Event: 9.925 Thread 0x000001797fb79e30 Exception <a 'java/lang/NoSuchMethodError'{0x0000000084accd28}: 'java.lang.Object java.lang.invoke.DirectMethodHandle$Holder.invokeSpecial(java.lang.Object, java.lang.Object, int, java.lang.Object, int, java.lang.Object)'> (0x0000000084accd28) 
thrown [s\open\src\hotspot\share\interpreter\linkResolver.cpp, line 759]
Event: 9.926 Thread 0x000001797fb79e30 Exception <a 'java/lang/NoSuchMethodError'{0x0000000084ad4b30}: 'java.lang.Object java.lang.invoke.DirectMethodHandle$Holder.newInvokeSpecial(java.lang.Object, java.lang.Object, int, java.lang.Object, int)'> (0x0000000084ad4b30) 
thrown [s\open\src\hotspot\share\interpreter\linkResolver.cpp, line 759]
Event: 9.927 Thread 0x000001797fb79e30 Exception <a 'java/lang/NoSuchMethodError'{0x0000000084ad8c30}: 'java.lang.Object java.lang.invoke.DirectMethodHandle$Holder.invokeSpecial(java.lang.Object, java.lang.Object, java.lang.Object, int, java.lang.Object, int)'> (0x0000000084ad8c30) 
thrown [s\open\src\hotspot\share\interpreter\linkResolver.cpp, line 759]
Event: 10.087 Thread 0x000001797fb79e30 Exception <a 'java/lang/IncompatibleClassChangeError'{0x00000000848c3920}: Found class java.lang.Object, but interface was expected> (0x00000000848c3920) 
thrown [s\open\src\hotspot\share\interpreter\linkResolver.cpp, line 826]
Event: 10.178 Thread 0x000001797fb79e30 Implicit null exception at 0x000001790f50aa26 to 0x000001790f50b230
Event: 374.723 Thread 0x000001791fa3a040 Exception <a 'java/lang/NoSuchMethodError'{0x000000008552ecb0}: 'java.lang.Object java.lang.invoke.DirectMethodHandle$Holder.invokeSpecial(java.lang.Object, java.lang.Object, java.lang.Object, java.lang.Object, java.lang.Object, long)'> (0x000000008552ecb0) 
thrown [s\open\src\hotspot\share\interpreter\linkResolver.cpp, line 759]
Event: 374.724 Thread 0x000001791fa3a040 Exception <a 'java/lang/NoSuchMethodError'{0x00000000855326f0}: 'java.lang.Object java.lang.invoke.Invokers$Holder.linkToTargetMethod(java.lang.Object, java.lang.Object, java.lang.Object, long, java.lang.Object)'> (0x00000000855326f0) 
thrown [s\open\src\hotspot\share\interpreter\linkResolver.cpp, line 759]
Event: 374.987 Thread 0x000001791fa3a040 Exception <a 'java/lang/NoSuchMethodError'{0x000000008538e288}: 'void java.lang.invoke.DirectMethodHandle$Holder.invokeSpecial(java.lang.Object, java.lang.Object, java.lang.Object, java.lang.Object, java.lang.Object, java.lang.Object, java.lang.Object)'> (0x000000008538e288) 
thrown [s\open\src\hotspot\share\interpreter\linkResolver.cpp, line 759]
Event: 5388.109 Thread 0x0000017922938850 Implicit null exception at 0x000001790f5d73aa to 0x000001790f5d7758
Event: 5389.117 Thread 0x0000017922938850 Implicit null exception at 0x000001790f5d73aa to 0x000001790f5d7758
Event: 5390.111 Thread 0x0000017922938850 Implicit null exception at 0x000001790f5d73aa to 0x000001790f5d7758
Event: 5391.118 Thread 0x0000017922938850 Implicit null exception at 0x000001790f5d73aa to 0x000001790f5d7758
Event: 6870.083 Thread 0x0000017923f3d520 Implicit null exception at 0x000001790f4861f6 to 0x000001790f4865ac
Event: 6870.115 Thread 0x0000017923f3d520 Implicit null exception at 0x000001790f4d66a0 to 0x000001790f4d6ca0
Event: 90971.261 Thread 0x0000017923f3f6d0 Implicit null exception at 0x000001790f61cc20 to 0x000001790f61e160
Event: 90972.427 Thread 0x000001791fa391d0 Implicit null exception at 0x000001790f52cd16 to 0x000001790f52d2f0

VM Operations (20 events):
Event: 100576.846 Executing VM operation: Cleanup
Event: 100576.846 Executing VM operation: Cleanup done
Event: 100657.287 Executing VM operation: Cleanup
Event: 100657.288 Executing VM operation: Cleanup done
Event: 100867.484 Executing VM operation: Cleanup
Event: 100867.485 Executing VM operation: Cleanup done
Event: 101497.004 Executing VM operation: Cleanup
Event: 101497.036 Executing VM operation: Cleanup done
Event: 101498.050 Executing VM operation: Cleanup
Event: 101498.050 Executing VM operation: Cleanup done
Event: 102420.688 Executing VM operation: Cleanup
Event: 102420.688 Executing VM operation: Cleanup done
Event: 102570.586 Executing VM operation: Cleanup
Event: 102570.586 Executing VM operation: Cleanup done
Event: 102871.262 Executing VM operation: Cleanup
Event: 102871.262 Executing VM operation: Cleanup done
Event: 102991.171 Executing VM operation: Cleanup
Event: 102991.172 Executing VM operation: Cleanup done
Event: 103351.699 Executing VM operation: Cleanup
Event: 103351.700 Executing VM operation: Cleanup done

Events (20 events):
Event: 434.009 Thread 0x0000017923f3fba0 Thread exited: 0x0000017923f3fba0
Event: 791.710 loading class jdk/internal/access/foreign/MemorySegmentProxy
Event: 791.717 loading class jdk/internal/access/foreign/MemorySegmentProxy done
Event: 1181.924 Thread 0x000001791ff848d0 Thread added: 0x000001791ff848d0
Event: 1186.997 Thread 0x000001791ff848d0 Thread exited: 0x000001791ff848d0
Event: 4828.781 loading class java/util/concurrent/locks/ReentrantReadWriteLock$Sync$HoldCounter
Event: 4828.785 loading class java/util/concurrent/locks/ReentrantReadWriteLock$Sync$HoldCounter done
Event: 15005.559 Thread 0x000001791e423c20 flushing nmethod 0x0000017907944290
Event: 90971.981 Thread 0x000001791fa396a0 Thread added: 0x000001791fa396a0
Event: 90971.994 Thread 0x000001791fa396a0 Thread exited: 0x000001791fa396a0
Event: 90972.410 Thread 0x000001791fa396a0 Thread added: 0x000001791fa396a0
Event: 90982.437 Thread 0x000001791fa396a0 Thread exited: 0x000001791fa396a0
Event: 95898.590 Thread 0x000001791fa396a0 Thread added: 0x000001791fa396a0
Event: 95898.592 Thread 0x000001791fa396a0 Thread exited: 0x000001791fa396a0
Event: 95899.335 Thread 0x000001791fa396a0 Thread added: 0x000001791fa396a0
Event: 95904.352 Thread 0x000001791fa396a0 Thread exited: 0x000001791fa396a0
Event: 95942.043 Thread 0x000001791fa396a0 Thread added: 0x000001791fa396a0
Event: 95942.043 Thread 0x000001791fa396a0 Thread exited: 0x000001791fa396a0
Event: 95943.084 Thread 0x000001791fa396a0 Thread added: 0x000001791fa396a0
Event: 95948.100 Thread 0x000001791fa396a0 Thread exited: 0x000001791fa396a0


Dynamic libraries:
0x00007ff79c020000 - 0x00007ff79c030000 	C:\Program Files\Java\jdk-17.0.7\bin\java.exe
0x00007ffda6cf0000 - 0x00007ffda6ee8000 	C:\WINDOWS\SYSTEM32\ntdll.dll
0x00007ffda53a0000 - 0x00007ffda545d000 	C:\WINDOWS\System32\KERNEL32.DLL
0x00007ffda44a0000 - 0x00007ffda4796000 	C:\WINDOWS\System32\KERNELBASE.dll
0x00007ffda4c20000 - 0x00007ffda4d20000 	C:\WINDOWS\System32\ucrtbase.dll
0x00007ffd9a9d0000 - 0x00007ffd9a9e9000 	C:\Program Files\Java\jdk-17.0.7\bin\jli.dll
0x00007ffda4d20000 - 0x00007ffda4dd0000 	C:\WINDOWS\System32\ADVAPI32.dll
0x00007ffda6100000 - 0x00007ffda619e000 	C:\WINDOWS\System32\msvcrt.dll
0x00007ffda6700000 - 0x00007ffda67a0000 	C:\WINDOWS\System32\sechost.dll
0x00007ffda69b0000 - 0x00007ffda6ad5000 	C:\WINDOWS\System32\RPCRT4.dll
0x00007ffda47a0000 - 0x00007ffda47c7000 	C:\WINDOWS\System32\bcrypt.dll
0x00007ffda6b10000 - 0x00007ffda6cae000 	C:\WINDOWS\System32\USER32.dll
0x00007ffda4820000 - 0x00007ffda4842000 	C:\WINDOWS\System32\win32u.dll
0x00007ffd9a9b0000 - 0x00007ffd9a9cb000 	C:\Program Files\Java\jdk-17.0.7\bin\VCRUNTIME140.dll
0x00007ffda6ae0000 - 0x00007ffda6b0b000 	C:\WINDOWS\System32\GDI32.dll
0x00007ffda4a60000 - 0x00007ffda4b77000 	C:\WINDOWS\System32\gdi32full.dll
0x00007ffda4b80000 - 0x00007ffda4c1d000 	C:\WINDOWS\System32\msvcp_win.dll
0x00007ffd8cfa0000 - 0x00007ffd8d23a000 	C:\WINDOWS\WinSxS\amd64_microsoft.windows.common-controls_6595b64144ccf1df_6.0.19041.3636_none_60b6a03d71f818d5\COMCTL32.dll
0x00007ffd8db30000 - 0x00007ffd8db3a000 	C:\WINDOWS\SYSTEM32\VERSION.dll
0x00007ffda5f30000 - 0x00007ffda5f62000 	C:\WINDOWS\System32\IMM32.DLL
0x00007ffd9a9a0000 - 0x00007ffd9a9ac000 	C:\Program Files\Java\jdk-17.0.7\bin\vcruntime140_1.dll
0x00007ffd9a910000 - 0x00007ffd9a99e000 	C:\Program Files\Java\jdk-17.0.7\bin\msvcp140.dll
0x00007ffd33340000 - 0x00007ffd33f1d000 	C:\Program Files\Java\jdk-17.0.7\bin\server\jvm.dll
0x00007ffda6940000 - 0x00007ffda6948000 	C:\WINDOWS\System32\PSAPI.DLL
0x00007ffd8d870000 - 0x00007ffd8d879000 	C:\WINDOWS\SYSTEM32\WSOCK32.dll
0x00007ffd8e110000 - 0x00007ffd8e137000 	C:\WINDOWS\SYSTEM32\WINMM.dll
0x00007ffda67a0000 - 0x00007ffda680b000 	C:\WINDOWS\System32\WS2_32.dll
0x00007ffda2250000 - 0x00007ffda2262000 	C:\WINDOWS\SYSTEM32\kernel.appcore.dll
0x00007ffd9a900000 - 0x00007ffd9a90a000 	C:\Program Files\Java\jdk-17.0.7\bin\jimage.dll
0x00007ffd971e0000 - 0x00007ffd973c4000 	C:\WINDOWS\SYSTEM32\DBGHELP.DLL
0x00007ffd8b560000 - 0x00007ffd8b594000 	C:\WINDOWS\SYSTEM32\dbgcore.DLL
0x00007ffda43a0000 - 0x00007ffda4422000 	C:\WINDOWS\System32\bcryptPrimitives.dll
0x00007ffd93560000 - 0x00007ffd9359b000 	C:\Program Files\Java\jdk-17.0.7\bin\jdwp.dll
0x00007ffd9a850000 - 0x00007ffd9a875000 	C:\Program Files\Java\jdk-17.0.7\bin\java.dll
0x00007ffd989a0000 - 0x00007ffd98a77000 	C:\Program Files\Java\jdk-17.0.7\bin\jsvml.dll
0x00007ffda5460000 - 0x00007ffda5bcb000 	C:\WINDOWS\System32\SHELL32.dll
0x00007ffda2450000 - 0x00007ffda2bee000 	C:\WINDOWS\SYSTEM32\windows.storage.dll
0x00007ffda5bd0000 - 0x00007ffda5f23000 	C:\WINDOWS\System32\combase.dll
0x00007ffda3dd0000 - 0x00007ffda3dfe000 	C:\WINDOWS\SYSTEM32\Wldp.dll
0x00007ffda62c0000 - 0x00007ffda638d000 	C:\WINDOWS\System32\OLEAUT32.dll
0x00007ffda6810000 - 0x00007ffda68bd000 	C:\WINDOWS\System32\SHCORE.dll
0x00007ffda60a0000 - 0x00007ffda60f5000 	C:\WINDOWS\System32\shlwapi.dll
0x00007ffda42d0000 - 0x00007ffda42f5000 	C:\WINDOWS\SYSTEM32\profapi.dll
0x00007ffda01b0000 - 0x00007ffda01bc000 	C:\Program Files\Java\jdk-17.0.7\bin\dt_socket.dll
0x00007ffda37d0000 - 0x00007ffda380b000 	C:\WINDOWS\SYSTEM32\IPHLPAPI.DLL
0x00007ffda3b30000 - 0x00007ffda3b9a000 	C:\WINDOWS\system32\mswsock.dll
0x00007ffd9a830000 - 0x00007ffd9a849000 	C:\Program Files\Java\jdk-17.0.7\bin\net.dll
0x00007ffd9ecb0000 - 0x00007ffd9edba000 	C:\WINDOWS\SYSTEM32\WINHTTP.dll
0x00007ffd9a810000 - 0x00007ffd9a826000 	C:\Program Files\Java\jdk-17.0.7\bin\nio.dll
0x00007ffd9a6a0000 - 0x00007ffd9a6b8000 	C:\Program Files\Java\jdk-17.0.7\bin\zip.dll
0x00007ffda66f0000 - 0x00007ffda66f8000 	C:\WINDOWS\System32\NSI.dll
0x00007ffd9e160000 - 0x00007ffd9e177000 	C:\WINDOWS\SYSTEM32\dhcpcsvc6.DLL
0x00007ffd9e4b0000 - 0x00007ffd9e4cd000 	C:\WINDOWS\SYSTEM32\dhcpcsvc.DLL
0x00007ffda3820000 - 0x00007ffda38eb000 	C:\WINDOWS\SYSTEM32\DNSAPI.dll
0x00007ffd92e10000 - 0x00007ffd92e1a000 	C:\Windows\System32\rasadhlp.dll
0x00007ffd930b0000 - 0x00007ffd93130000 	C:\WINDOWS\System32\fwpuclnt.dll
0x00007ffda3d20000 - 0x00007ffda3d38000 	C:\WINDOWS\SYSTEM32\CRYPTSP.dll
0x00007ffda33f0000 - 0x00007ffda3424000 	C:\WINDOWS\system32\rsaenh.dll
0x00007ffda4250000 - 0x00007ffda427e000 	C:\WINDOWS\SYSTEM32\USERENV.dll
0x00007ffda3d40000 - 0x00007ffda3d4c000 	C:\WINDOWS\SYSTEM32\CRYPTBASE.dll
0x00007ffd9a670000 - 0x00007ffd9a67d000 	C:\Program Files\Java\jdk-17.0.7\bin\sunmscapi.dll
0x00007ffda4900000 - 0x00007ffda4a5d000 	C:\WINDOWS\System32\CRYPT32.dll
0x00007ffda3e40000 - 0x00007ffda3e68000 	C:\WINDOWS\SYSTEM32\ncrypt.dll
0x00007ffda3e00000 - 0x00007ffda3e3b000 	C:\WINDOWS\SYSTEM32\NTASN1.dll
0x00007ffd9a690000 - 0x00007ffd9a69a000 	C:\Program Files\Java\jdk-17.0.7\bin\management.dll
0x00007ffd9a680000 - 0x00007ffd9a68b000 	C:\Program Files\Java\jdk-17.0.7\bin\management_ext.dll
0x00007ffd9a8f0000 - 0x00007ffd9a900000 	C:\Program Files\Java\jdk-17.0.7\bin\verify.dll
0x00007ffd98990000 - 0x00007ffd98997000 	C:\WINDOWS\system32\wshunix.dll

dbghelp: loaded successfully - version: 4.0.5 - missing functions: none
symbol engine: initialized successfully - sym options: 0x614 - pdb path: .;C:\Program Files\Java\jdk-17.0.7\bin;C:\WINDOWS\SYSTEM32;C:\WINDOWS\WinSxS\amd64_microsoft.windows.common-controls_6595b64144ccf1df_6.0.19041.3636_none_60b6a03d71f818d5;C:\Program Files\Java\jdk-17.0.7\bin\server

VM Arguments:
jvm_args: -agentlib:jdwp=transport=dt_socket,address=127.0.0.1:52572,suspend=y,server=n -Dfile.encoding=UTF-8 
java_command: com.keiko.paymentservice.PaymentServiceApplication
java_class_path (initial): F:\learn\micro_service\microservices\application\payment-service\target\classes;C:\Users\\.m2\repository\org\springframework\cloud\spring-cloud-starter-netflix-eureka-client\4.0.4\spring-cloud-starter-netflix-eureka-client-4.0.4.jar;C:\Users\\.m2\repository\org\springframework\cloud\spring-cloud-starter\4.0.5\spring-cloud-starter-4.0.5.jar;C:\Users\\.m2\repository\org\springframework\cloud\spring-cloud-context\4.0.5\spring-cloud-context-4.0.5.jar;C:\Users\\.m2\repository\org\springframework\security\spring-security-crypto\6.1.6\spring-security-crypto-6.1.6.jar;C:\Users\\.m2\repository\org\springframework\cloud\spring-cloud-commons\4.0.5\spring-cloud-commons-4.0.5.jar;C:\Users\\.m2\repository\org\springframework\security\spring-security-rsa\1.0.12.RELEASE\spring-security-rsa-1.0.12.RELEASE.jar;C:\Users\\.m2\repository\org\bouncycastle\bcpkix-jdk18on\1.73\bcpkix-jdk18on-1.73.jar;C:\Users\\.m2\repository\org\bouncycastle\bcprov-jdk18on\1.73\bcprov-jdk18on-1.73.jar;C:\Users\\.m2\repository\org\bouncycastle\bcutil-jdk18on\1.73\bcutil-jdk18on-1.73.jar;C:\Users\\.m2\repository\org\springframework\cloud\spring-cloud-netflix-eureka-client\4.0.4\spring-cloud-netflix-eureka-client-4.0.4.jar;C:\Users\\.m2\repository\org\apache\httpcomponents\client5\httpclient5\5.2.3\httpclient5-5.2.3.jar;C:\Users\\.m2\repository\org\apache\httpcomponents\core5\httpcore5\5.2.4\httpcore5-5.2.4.jar;C:\Users\\.m2\repository\org\apache\httpcomponents\core5\httpcore5-h2\5.2.4\httpcore5-h2-5.2.4.jar;C:\Users\\.m2\repository\com\netflix\eureka\eureka-client\2.0.1\eureka-client-2.0.1.jar;C:\Users\\.m2\repository\com\netflix\netflix-commons\netflix-eventbus\0.3.0\netflix-eventbus-0.3.0.jar;C:\Users\\.m2\repository\com\netflix\netflix-commons\netflix-infix\0.3.0\netflix-infix-0.3.0.jar;C:\Users\\.m2\repository\commons-jxpath\commons-jxpath\1.3\commons-jxpath-1.3.jar;C:\Users\\.m2\reposit
Launcher Type: SUN_STANDARD

[Global flags]
     intx CICompilerCount                          = 4                                         {product} {ergonomic}
     uint ConcGCThreads                            = 2                                         {product} {ergonomic}
     uint G1ConcRefinementThreads                  = 8                                         {product} {ergonomic}
   size_t G1HeapRegionSize                         = 1048576                                   {product} {ergonomic}
    uintx GCDrainStackTargetSize                   = 64                                        {product} {ergonomic}
   size_t InitialHeapSize                          = 132120576                                 {product} {ergonomic}
   size_t MarkStackSize                            = 4194304                                   {product} {ergonomic}
   size_t MaxHeapSize                              = 2109734912                                {product} {ergonomic}
   size_t MaxNewSize                               = 1265631232                                {product} {ergonomic}
   size_t MinHeapDeltaBytes                        = 1048576                                   {product} {ergonomic}
   size_t MinHeapSize                              = 8388608                                   {product} {ergonomic}
    uintx NonNMethodCodeHeapSize                   = 5839372                                {pd product} {ergonomic}
    uintx NonProfiledCodeHeapSize                  = 122909434                              {pd product} {ergonomic}
    uintx ProfiledCodeHeapSize                     = 122909434                              {pd product} {ergonomic}
    uintx ReservedCodeCacheSize                    = 251658240                              {pd product} {ergonomic}
     bool SegmentedCodeCache                       = true                                      {product} {ergonomic}
   size_t SoftMaxHeapSize                          = 2109734912                             {manageable} {ergonomic}
     bool UseCompressedClassPointers               = true                           {product lp64_product} {ergonomic}
     bool UseCompressedOops                        = true                           {product lp64_product} {ergonomic}
     bool UseG1GC                                  = true                                      {product} {ergonomic}
     bool UseLargePagesIndividualAllocation        = false                                  {pd product} {ergonomic}

Logging:
Log output configuration:
 #0: stdout all=warning uptime,level,tags
 #1: stderr all=off uptime,level,tags

Environment Variables:
JAVA_HOME=C:\Program Files\Java\jdk1.8.0_172
PATH=C:\Program Files (x86)\Intel\iCLS Client\;C:\Program Files\Intel\iCLS Client\;G:\app\tomcat\apache-tomcat-9-A\bin;G:\app\tomcat\apache-tomcat-9-B\bin;C:\WINDOWS\system32;C:\WINDOWS;C:\WINDOWS\System32\Wbem;C:\WINDOWS\System32\WindowsPowerShell\v1.0\;C:\Program Files (x86)\Intel\Intel(R) Management Engine Components\DAL;C:\Program Files\Intel\Intel(R) Management Engine Components\DAL;C:\Program Files (x86)\Intel\Intel(R) Management Engine Components\IPT;C:\Program Files\Intel\Intel(R) Management Engine Components\IPT;C:\Program Files\Java\jdk1.8.0_172\bin;C:\Program Files\Apache\apache-maven-3.6.1\bin;C:\WINDOWS\System32\OpenSSH\;C:\Program Files (x86)\GitExtensions\;C:\Program Files\Git\cmd;C:\Program Files\Intel\WiFi\bin\;C:\Program Files\Common Files\Intel\WirelessCommon\;C:\Program Files (x86)\HP\Common\HPDestPlgIn\;C:\Program Files (x86)\HP\IdrsOCR_15.2.10.1114\;E:\apache\solr-8.11.2\bin;C:\Program Files\MySQL\MySQL Server 5.7\bin;G:\zookeeper\apache-zookeeper-3.6.4-bin\bin;G:\app\gradle-7.2\bin;C:\Program Files\Redis\;C:\Program Files\MySQL\MySQL Shell 8.0\bin\;C:\Users\\AppData\Local\Microsoft\WindowsApps;;C:\Program Files\JetBrains\IntelliJ IDEA 2019.1.3\bin;;C:\Program Files (x86)\HP\Common\HPDestPlgIn\
USERNAME=
OS=Windows_NT
PROCESSOR_IDENTIFIER=Intel64 Family 6 Model 142 Stepping 10, GenuineIntel



---------------  S Y S T E M  ---------------

OS:
 Windows 10 , 64 bit Build 19041 (10.0.19041.3636)
OS uptime: 4 days 2:13 hours

CPU: total 8 (initial active 8) (4 cores per cpu, 2 threads per core) family 6 model 142 stepping 10 microcode 0xb4, cx8, cmov, fxsr, ht, mmx, 3dnowpref, sse, sse2, sse3, ssse3, sse4.1, sse4.2, popcnt, lzcnt, tsc, tscinvbit, avx, avx2, aes, erms, clmul, bmi1, bmi2, adx, fma, vzeroupper, clflush, clflushopt

Memory: 4k page, system-wide physical 8042M (663M free)
TotalPageFile size 22451M (AvailPageFile size 4M)
current process WorkingSet (physical memory assigned to process): 86M, peak: 289M
current process commit charge ("private bytes"): 328M, peak: 345M

vm_info: Java HotSpot(TM) 64-Bit Server VM (17.0.7+8-LTS-224) for windows-amd64 JRE (17.0.7+8-LTS-224), built on Feb 28 2023 23:03:02 by "mach5one" with MS VC++ 17.1 (VS2022)

END.
